Arguments: 
  C:\Program Files\nodejs\node.exe C:\Users\Henrique\AppData\Roaming\npm\node_modules\yarn\bin\yarn.js init

PATH: 
  C:\Users\Henrique\bin;C:\Program Files\Git\mingw64\bin;C:\Program Files\Git\usr\local\bin;C:\Program Files\Git\usr\bin;C:\Program Files\Git\usr\bin;C:\Program Files\Git\mingw64\bin;C:\Program Files\Git\usr\bin;C:\Users\Henrique\bin;C:\Program Files (x86)\Common Files\Oracle\Java\javapath;C:\Windows\system32;C:\Windows;C:\Windows\System32\Wbem;C:\Windows\System32\WindowsPowerShell\v1.0;C:\Windows\System32\OpenSSH;C:\Program Files\Microsoft VS Code\bin;C:\Program Files\Git\cmd;C:\xampp\php;C:\ProgramData\ComposerSetup\bin;C:\Program Files (x86)\NVIDIA Corporation\PhysX\Common;C:\Program Files\nodejs;C:\Program Files (x86)\Skype\Phone;C:\Users\Henrique\AppData\Local\Microsoft\WindowsApps;C:\Users\Henrique\AppData\Roaming\Composer\vendor\bin;C:\Users\Henrique\AppData\Roaming\npm;C:\Program Files\Git\usr\bin\vendor_perl;C:\Program Files\Git\usr\bin\core_perl

Yarn version: 
  1.12.3

Node version: 
  8.11.4

Platform: 
  win32 x64

Trace: 
  Error: Can't answer a question unless a user TTY
      at ConsoleReporter.question (C:\Users\Henrique\AppData\Roaming\npm\node_modules\yarn\lib\cli.js:95522:59)
      at Object.<anonymous> (C:\Users\Henrique\AppData\Roaming\npm\node_modules\yarn\lib\cli.js:88103:38)
      at Generator.next (<anonymous>)
      at step (C:\Users\Henrique\AppData\Roaming\npm\node_modules\yarn\lib\cli.js:304:30)
      at C:\Users\Henrique\AppData\Roaming\npm\node_modules\yarn\lib\cli.js:315:13
      at <anonymous>
      at process._tickCallback (internal/process/next_tick.js:188:7)

npm manifest: 
  No manifest

yarn manifest: 
  No manifest

Lockfile: 
  No lockfile
